<?xml version="1.0" encoding="UTF-8"?>
<!-- Generated by org.testng.reporters.JUnitReportReporter -->
<testsuite hostname="LAPTOP-CMIROL74" failures="0" tests="2" name="tests.TestLogInPage" time="11.899" errors="0" timestamp="2023-10-27T20:20:09 EEST" skipped="0">
  <testcase classname="tests.TestLogInPage" name="loginWithValidCredentials" time="4.510"/>
  <testcase classname="tests.TestLogInPage" name="loginWithInvalidPassword" time="7.389"/>
</testsuite> <!-- tests.TestLogInPage -->
