<?xml version="1.0" encoding="UTF-8"?>
<!-- Generated by org.testng.reporters.JUnitReportReporter -->
<testsuite hostname="LAPTOP-CMIROL74" failures="0" tests="4" name="tests.TestHomePage" time="38.103" errors="0" timestamp="2023-10-27T20:20:09 EEST" skipped="0">
  <testcase classname="tests.TestHomePage" name="tryAddNewSalesEntries" time="2.137"/>
  <testcase classname="tests.TestHomePage" name="tryAddSecondNewSalesEntries" time="1.822"/>
  <testcase classname="tests.TestHomePage" name="showPerformanceResult" time="1.370"/>
  <testcase classname="tests.TestHomePage" name="deleteAllSalesEntries" time="32.774"/>
</testsuite> <!-- tests.TestHomePage -->
