<?xml version="1.0" encoding="UTF-8"?>
<!-- Generated by org.testng.reporters.JUnitReportReporter -->
<testsuite hostname="LAPTOP-CMIROL74" failures="0" tests="4" name="Tests.TestHomePage" time="42.242" errors="0" timestamp="2023-10-23T22:59:15 EEST" skipped="0">
  <testcase classname="Tests.TestHomePage" name="tryAddNewSalesEntries" time="4.438"/>
  <testcase classname="Tests.TestHomePage" name="tryAddSecondNewSalesEntries" time="2.306"/>
  <testcase classname="Tests.TestHomePage" name="showPerformanceResult" time="1.585"/>
  <testcase classname="Tests.TestHomePage" name="deleteAllSalesEntries" time="33.913"/>
</testsuite> <!-- Tests.TestHomePage -->
