<?xml version="1.0" encoding="UTF-8"?>
<!-- Generated by org.testng.reporters.JUnitReportReporter -->
<testsuite hostname="LAPTOP-CMIROL74" failures="0" tests="2" name="Tests.TestLogInPage" time="13.951" errors="0" timestamp="2023-10-24T20:16:11 EEST" skipped="0">
  <testcase classname="Tests.TestLogInPage" name="loginWithValidCredentials" time="6.287"/>
  <testcase classname="Tests.TestLogInPage" name="loginWithInvalidPassword" time="7.664"/>
</testsuite> <!-- Tests.TestLogInPage -->
